17:14:35 **** Clean-only build of configuration Debug for project test ****
make clean 
rm -rf  ./first.o ./main.o  ./first.d ./main.d  test
 
17:14:36 **** Build of configuration Debug for project test ****
make all 
Building file: ../main.cpp
Invoking: Cross G++ Compiler
g++ -O0 -g3 -Wall -c -fmessage-length=0 -MMD -MP -MF"main.d" -MT"main.o" -o "main.o" "../main.cpp"
Finished building: ../main.cpp
 
Building target: test
Invoking: Cross G++ Linker
g++  -o "test"  ./main.o   
Finished building target: test
 
17:14:44 **** Incremental Build of configuration Debug for project test ****
make all 
make: Nothing to be done for 'all'.
17:15:09 **** Incremental Build of configuration Debug for project test ****
make all 
Building file: ../main.cpp
Invoking: Cross G++ Compiler
g++ -O0 -g3 -Wall -c -fmessage-length=0 -MMD -MP -MF"main.d" -MT"main.o" -o "main.o" "../main.cpp"
Finished building: ../main.cpp
 
Building target: test
Invoking: Cross G++ Linker
g++  -o "test"  ./main.o   
Finished building target: test
 
17:15:22 **** Incremental Build of configuration Debug for project test ****
make all 
Building file: ../main.cpp
Invoking: Cross G++ Compiler
g++ -O0 -g3 -Wall -c -fmessage-length=0 -MMD -MP -MF"main.d" -MT"main.o" -o "main.o" "../main.cpp"
Finished building: ../main.cpp
 
Building target: test
Invoking: Cross G++ Linker
g++  -o "test"  ./main.o   
Finished building target: test
 
